TN:
SF:src/converter.ts
FN:23,(anonymous_0)
FN:27,(anonymous_1)
FN:34,(anonymous_2)
FN:48,(anonymous_3)
FN:91,(anonymous_4)
FN:114,(anonymous_5)
FN:146,(anonymous_6)
FN:147,(anonymous_7)
FN:160,(anonymous_8)
FN:169,(anonymous_9)
FN:184,(anonymous_10)
FN:192,(anonymous_11)
FN:219,(anonymous_12)
FN:235,(anonymous_13)
FN:252,(anonymous_14)
FN:278,(anonymous_15)
FN:280,(anonymous_16)
FN:293,(anonymous_17)
FN:300,(anonymous_18)
FNF:19
FNH:19
FNDA:76,(anonymous_0)
FNDA:21,(anonymous_1)
FNDA:53,(anonymous_2)
FNDA:9,(anonymous_3)
FNDA:10,(anonymous_4)
FNDA:6,(anonymous_5)
FNDA:2,(anonymous_6)
FNDA:4,(anonymous_7)
FNDA:742,(anonymous_8)
FNDA:12,(anonymous_9)
FNDA:36,(anonymous_10)
FNDA:6,(anonymous_11)
FNDA:20,(anonymous_12)
FNDA:5,(anonymous_13)
FNDA:1,(anonymous_14)
FNDA:2,(anonymous_15)
FNDA:3,(anonymous_16)
FNDA:12,(anonymous_17)
FNDA:468,(anonymous_18)
DA:12,2
DA:20,2
DA:24,76
DA:28,21
DA:35,53
DA:38,53
DA:49,9
DA:50,9
DA:93,10
DA:95,10
DA:97,4
DA:99,4
DA:100,4
DA:102,4
DA:106,10
DA:107,10
DA:116,6
DA:118,6
DA:119,2
DA:120,2
DA:121,2
DA:122,2
DA:126,6
DA:127,6
DA:147,4
DA:148,2
DA:160,53
DA:161,742
DA:162,530
DA:164,212
DA:169,53
DA:170,12
DA:171,12
DA:172,10
DA:174,2
DA:178,53
DA:185,36
DA:188,36
DA:193,6
DA:194,6
DA:221,20
DA:224,20
DA:228,20
DA:237,5
DA:239,2
DA:240,2
DA:241,2
DA:244,3
DA:253,1
DA:279,2
DA:280,3
DA:294,12
DA:300,36
DA:301,468
DA:302,252
DA:304,216
DA:308,36
LF:57
LH:57
BRDA:23,0,0,76
BRDA:95,1,0,4
BRDA:97,2,0,4
BRDA:97,2,1,2
BRDA:99,3,0,4
BRDA:99,3,1,2
BRDA:100,4,0,2
BRDA:100,4,1,2
BRDA:118,5,0,2
BRDA:119,6,0,2
BRDA:119,6,1,2
BRDA:120,7,0,2
BRDA:120,7,1,0
BRDA:121,8,0,2
BRDA:121,8,1,0
BRDA:161,9,0,530
BRDA:161,9,1,212
BRDA:224,10,0,8
BRDA:224,10,1,12
BRDA:237,11,0,2
BRDA:237,11,1,3
BRDA:237,12,0,5
BRDA:237,12,1,5
BRDA:301,13,0,252
BRDA:301,13,1,216
BRF:25
BRH:23
end_of_record
